<?xml version="1.0" encoding="UTF-8"?>
<testng-results ignored="0" total="2" passed="2" failed="0" skipped="0">
  <reporter-output>
  </reporter-output>
  <suite started-at="2023-07-23T21:38:15 IST" name="Default suite" finished-at="2023-07-23T21:38:31 IST" duration-ms="15103">
    <groups>
    </groups>
    <test started-at="2023-07-23T21:38:15 IST" name="Default test" finished-at="2023-07-23T21:38:31 IST" duration-ms="15103">
      <class name="testngdemos.LoginTestUsingTestNG">
        <test-method is-config="true" signature="setUpDriver()[pri:0, instance:testngdemos.LoginTestUsingTestNG@52e6fdee]" started-at="2023-07-23T21:38:15 IST" name="setUpDriver" finished-at="2023-07-23T21:38:26 IST" duration-ms="10660" status="PASS">
          <reporter-output>
          </reporter-output>
        </test-method> <!-- setUpDriver -->
        <test-method signature="loginJPetStore()[pri:0, instance:testngdemos.LoginTestUsingTestNG@52e6fdee]" started-at="2023-07-23T21:38:26 IST" name="loginJPetStore" finished-at="2023-07-23T21:38:29 IST" duration-ms="2508" status="PASS">
          <reporter-output>
          </reporter-output>
        </test-method> <!-- loginJPetStore -->
        <test-method signature="validateHomePageAfterLogin()[pri:0, instance:testngdemos.LoginTestUsingTestNG@52e6fdee]" started-at="2023-07-23T21:38:29 IST" name="validateHomePageAfterLogin" finished-at="2023-07-23T21:38:29 IST" duration-ms="108" status="PASS">
          <reporter-output>
          </reporter-output>
        </test-method> <!-- validateHomePageAfterLogin -->
        <test-method is-config="true" signature="logoutJPetStore()[pri:0, instance:testngdemos.LoginTestUsingTestNG@52e6fdee]" started-at="2023-07-23T21:38:29 IST" name="logoutJPetStore" finished-at="2023-07-23T21:38:31 IST" duration-ms="1753" status="PASS">
          <reporter-output>
          </reporter-output>
        </test-method> <!-- logoutJPetStore -->
      </class> <!-- testngdemos.LoginTestUsingTestNG -->
    </test> <!-- Default test -->
  </suite> <!-- Default suite -->
</testng-results>
